2014-03-31 01:06:47-0400 [-] Log opened.
2014-03-31 01:06:47-0400 [-] using set_wakeup_fd
2014-03-31 01:06:47-0400 [-] twistd 11.1.0 (/usr/bin/python 2.7.3) starting up.
2014-03-31 01:06:47-0400 [-] reactor class: twisted.internet.pollreactor.PollReactor.
2014-03-31 01:06:47-0400 [-] Traceback (most recent call last):
2014-03-31 01:06:47-0400 [-]   File "/usr/bin/twistd", line 14, in <module>
2014-03-31 01:06:47-0400 [-]     run()
2014-03-31 01:06:47-0400 [-]   File "/usr/lib/python2.7/dist-packages/twisted/scripts/twistd.py", line 27, in run
2014-03-31 01:06:47-0400 [-]     app.run(runApp, ServerOptions)
2014-03-31 01:06:47-0400 [-]   File "/usr/lib/python2.7/dist-packages/twisted/application/app.py", line 652, in run
2014-03-31 01:06:47-0400 [-]     runApp(config)
2014-03-31 01:06:47-0400 [-]   File "/usr/lib/python2.7/dist-packages/twisted/scripts/twistd.py", line 23, in runApp
2014-03-31 01:06:47-0400 [-]     _SomeApplicationRunner(config).run()
2014-03-31 01:06:47-0400 [-]   File "/usr/lib/python2.7/dist-packages/twisted/application/app.py", line 390, in run
2014-03-31 01:06:47-0400 [-]     self.postApplication()
2014-03-31 01:06:47-0400 [-]   File "/usr/lib/python2.7/dist-packages/twisted/scripts/_twistd_unix.py", line 208, in postApplication
2014-03-31 01:06:47-0400 [-]     self.startApplication(self.application)
2014-03-31 01:06:47-0400 [-]   File "/usr/lib/python2.7/dist-packages/twisted/scripts/_twistd_unix.py", line 317, in startApplication
2014-03-31 01:06:47-0400 [-]     service.IService(application).privilegedStartService()
2014-03-31 01:06:47-0400 [-]   File "/usr/lib/python2.7/dist-packages/twisted/application/service.py", line 277, in privilegedStartService
2014-03-31 01:06:47-0400 [-]     service.privilegedStartService()
2014-03-31 01:06:47-0400 [-]   File "/usr/lib/python2.7/dist-packages/twisted/application/internet.py", line 105, in privilegedStartService
2014-03-31 01:06:47-0400 [-]     self._port = self._getPort()
2014-03-31 01:06:47-0400 [-]   File "/usr/lib/python2.7/dist-packages/twisted/application/internet.py", line 133, in _getPort
2014-03-31 01:06:47-0400 [-]     'listen%s' % (self.method,))(*self.args, **self.kwargs)
2014-03-31 01:06:47-0400 [-]   File "/usr/lib/python2.7/dist-packages/twisted/internet/posixbase.py", line 436, in listenTCP
2014-03-31 01:06:47-0400 [-]     p.startListening()
2014-03-31 01:06:47-0400 [-]   File "/usr/lib/python2.7/dist-packages/twisted/internet/tcp.py", line 622, in startListening
2014-03-31 01:06:47-0400 [-]     raise CannotListenError, (self.interface, self.port, le)
2014-03-31 01:06:47-0400 [-] twisted.internet.error.CannotListenError: Couldn't listen on any:1025: [Errno 98] Address already in use.
